Arguments: 
  /Users/macbook/.nvm/versions/node/v16.14.0/bin/node /Users/macbook/.nvm/versions/node/v16.14.0/bin/yarn add express cors dotenv helmet mongoose morgan

PATH: 
  /Users/macbook/.nvm/versions/node/v16.14.0/bin:/usr/local/bin:/usr/bin:/bin:/usr/sbin:/sbin:/Library/Apple/usr/bin

Yarn version: 
  1.22.19

Node version: 
  16.14.0

Platform: 
  darwin x64

Trace: 
  Error: getaddrinfo ENOTFOUND registry.yarnpkg.com
      at GetAddrInfoReqWrap.onlookup [as oncomplete] (node:dns:71:26)

npm manifest: 
  {
    "name": "golden-generation-registration-api",
    "version": "1.0.0",
    "description": "",
    "main": "index.js",
    "scripts": {
      "test": "echo \"Error: no test specified\" && exit 1"
    },
    "repository": {
      "type": "git",
      "url": "git+https://github.com/golden-gen/registration-api.git"
    },
    "author": "",
    "license": "ISC",
    "bugs": {
      "url": "https://github.com/golden-gen/registration-api/issues"
    },
    "homepage": "https://github.com/golden-gen/registration-api#readme"
  }

yarn manifest: 
  No manifest

Lockfile: 
  No lockfile
